[2025-07-30T02:05:21.699Z] Starting: npm run dev (Process ID: frontend-with-browser)
[2025-07-30T02:05:21.699Z] [frontend-with-browser] ✅ Starting development server...
[2025-07-30T02:05:21.799Z] [frontend-with-browser] 
> aws-amplify-gen2@0.1.0 dev
> next dev

[2025-07-30T02:05:22.126Z] [frontend-with-browser]   ▲ Next.js 14.2.10
[2025-07-30T02:05:22.126Z] [frontend-with-browser]   - Local:        http://localhost:3000

 ✓ Starting...
[2025-07-30T02:05:22.126Z] [frontend-with-browser] ✅ Server ready on http://localhost:3000
[2025-07-30T02:05:22.126Z] [frontend-with-browser] ⏳ Waiting 1000ms before launching browser...
[2025-07-30T02:05:23.080Z] [frontend-with-browser]  ✓ Ready in 1006ms
[2025-07-30T02:05:23.128Z] [frontend-with-browser] ✅ Launching test browser...
[2025-07-30T02:05:23.132Z] [frontend-with-browser] [ERROR] Failed to launch browser: browserType.launch: Executable doesn't exist at /Users/sammanbhetwal/Library/Caches/ms-playwright/chromium-1181/chrome-mac/Chromium.app/Contents/MacOS/Chromium
╔═════════════════════════════════════════════════════════════════════════╗
║ Looks like Playwright Test or Playwright was just installed or updated. ║
║ Please run the following command to download new browsers:              ║
║                                                                         ║
║     npx playwright install                                              ║
║                                                                         ║
║ <3 Playwright Team                                                      ║
╚═════════════════════════════════════════════════════════════════════════╝
[2025-07-30T02:07:30.802Z] [frontend-with-browser] [ERROR] Browserslist: caniuse-lite is outdated. Please run:
  npx update-browserslist-db@latest
  Why you should do it regularly: https://github.com/browserslist/update-db#readme
[2025-07-30T02:07:30.832Z] [frontend-with-browser]  ○ Compiling / ...
[2025-07-30T02:07:32.390Z] [frontend-with-browser]  ✓ Compiled / in 2.2s (1638 modules)
[2025-07-30T02:07:32.497Z] [frontend-with-browser]  GET / 200 in 2346ms
[2025-07-30T02:07:33.152Z] [frontend-with-browser] [ERROR] <w> [webpack.cache.PackFileCacheStrategy] Caching failed for pack: Error: Unable to snapshot resolve dependencies
[2025-07-30T02:07:33.194Z] [frontend-with-browser]  ✓ Compiled /_not-found in 170ms (1618 modules)
[2025-07-30T02:07:33.249Z] [frontend-with-browser]  GET /icon-192.png 404 in 227ms
[2025-07-30T02:07:34.436Z] [frontend-with-browser] [ERROR] <w> [webpack.cache.PackFileCacheStrategy] Caching failed for pack: Error: Unable to snapshot resolve dependencies
[2025-07-30T02:08:02.603Z] [frontend-with-browser]  ✓ Compiled /login in 226ms (1631 modules)
[2025-07-30T02:08:02.754Z] [frontend-with-browser]  GET /icon-192.png 404 in 50ms
[2025-07-30T02:09:03.086Z] [frontend-with-browser] [ERROR] <w> [webpack.cache.PackFileCacheStrategy] Caching failed for pack: Error: Unable to snapshot resolve dependencies
[2025-07-30T02:09:03.139Z] [frontend-with-browser] [ERROR] <w> [webpack.cache.PackFileCacheStrategy] Caching failed for pack: Error: Unable to snapshot resolve dependencies
